T31E4 3894:641 SEGGER J-Link V5.12 Log File (0000ms, 19814ms total)
T31E4 3894:641 DLL Compiled: Mar 30 2016 17:28:31 (0000ms, 19814ms total)
T31E4 3894:641 Logging started @ 2016-08-08 17:28 (0000ms, 19814ms total)
T31E4 3894:656 JLINK_ExecCommand("Device = ATSAMD20E17", ...)Device "ATSAMD20E17" selected.  returns 0x00 (0000ms, 19814ms total)
T31E4 3894:811 JLINK_ExecCommand("device = ATSAMD20E17", ...)Device "ATSAMD20E17" selected.  returns 0x00 (0000ms, 19814ms total)
T31E4 3894:811 JLINK_GetHWStatus(...)  returns 0x00 (0000ms, 19814ms total)
T31E4 3894:811 JLINK_ClrRESET() (0001ms, 19815ms total)
T31E4 3894:812 JLINK_SetRESET() (0000ms, 19815ms total)
T31E4 3894:812 JLINK_ClrRESET() (0000ms, 19815ms total)
T31E4 3894:812 JLINK_ClrTCK()  returns 0x00 (0000ms, 19815ms total)
T31E4 3894:812 JLINK_SetRESET() (0000ms, 19815ms total)
T31E4 3894:812 JLINK_Clock()  returns 0x00 (0000ms, 19815ms total)
T31E4 3894:812 JLINK_TIF_Select(JLINKARM_TIF_SWD)  returns 0x00 (0001ms, 19816ms total)
T31E4 3894:813 JLINK_SetSpeed(50) (0000ms, 19816ms total)
T31E4 3894:813 JLINK_JTAG_StoreRaw(..., 0x108 Bits)  returns 0x00 (0000ms, 19816ms total)
T31E4 3894:813 JLINK_JTAG_GetU32(BitPos = 227) >0x108 TIF>  returns 0x0BC11477 (0005ms, 19821ms total)
T31E4 3894:818 JLINK_JTAG_StoreRaw(..., 0x08 Bits)  returns 0x00 (0000ms, 19821ms total)
T31E4 3894:818 JLINK_JTAG_StoreRaw(..., 0x03 Bits)  returns 0x08 (0000ms, 19821ms total)
T31E4 3894:818 JLINK_JTAG_StoreRaw(..., 0x28 Bits)  returns 0x0B (0000ms, 19821ms total)
T31E4 3894:818 JLINK_JTAG_GetU8(BitPos = 8) >0x33 TIF>  returns 0xB9 (0001ms, 19822ms total)
T31E4 3894:819 JLINK_JTAG_GetU32(BitPos = 11)  returns 0x0BC11477 (0000ms, 19822ms total)
T31E4 3894:819 JLINK_JTAG_GetU8(BitPos = 43)  returns 0x02 (0001ms, 19823ms total)
T31E4 3894:820 JLINK_JTAG_StoreRaw(..., 0x08 Bits)  returns 0x00 (0000ms, 19823ms total)
T31E4 3894:820 JLINK_JTAG_StoreRaw(..., 0x03 Bits)  returns 0x08 (0000ms, 19823ms total)
T31E4 3894:820 JLINK_JTAG_StoreRaw(..., 0x28 Bits)  returns 0x0B (0000ms, 19823ms total)
T31E4 3894:820 JLINK_JTAG_GetU8(BitPos = 8) >0x33 TIF>  returns 0x01 (0001ms, 19824ms total)
T31E4 3894:821 JLINK_JTAG_GetU32(BitPos = 11)  returns 0x00000000 (0000ms, 19824ms total)
T31E4 3894:821 JLINK_JTAG_GetU8(BitPos = 43)  returns 0x02 (0000ms, 19824ms total)
T31E4 3894:821 JLINK_JTAG_StoreRaw(..., 0x08 Bits)  returns 0x00 (0000ms, 19824ms total)
T31E4 3894:821 JLINK_JTAG_StoreRaw(..., 0x03 Bits)  returns 0x08 (0000ms, 19824ms total)
T31E4 3894:821 JLINK_JTAG_StoreRaw(..., 0x02 Bits)  returns 0x0B (0000ms, 19824ms total)
T31E4 3894:821 JLINK_JTAG_StoreRaw(..., 0x28 Bits)  returns 0x0D (0000ms, 19824ms total)
T31E4 3894:821 JLINK_JTAG_GetU8(BitPos = 8) >0x35 TIF>  returns 0x39 (0001ms, 19825ms total)
T31E4 3894:822 JLINK_JTAG_StoreRaw(..., 0x08 Bits)  returns 0x00 (0000ms, 19825ms total)
T31E4 3894:822 JLINK_JTAG_StoreRaw(..., 0x03 Bits)  returns 0x08 (0000ms, 19825ms total)
T31E4 3894:822 JLINK_JTAG_StoreRaw(..., 0x28 Bits)  returns 0x0B (0000ms, 19825ms total)
T31E4 3894:822 JLINK_JTAG_GetU8(BitPos = 8) >0x33 TIF>  returns 0x09 (0002ms, 19827ms total)
T31E4 3894:824 JLINK_JTAG_GetU32(BitPos = 11)  returns 0xF0000001 (0000ms, 19827ms total)
T31E4 3894:824 JLINK_JTAG_GetU8(BitPos = 43)  returns 0x03 (0000ms, 19827ms total)
T31E4 3894:824 JLINK_WriteMem(0x41002100, 0x0001 Bytes, ...) - Data: 10 >0x108 TIF>Found SWD-DP with ID 0x0BC11477 >0x0D TIF> >0x28 TIF> >0x0D TIF> >0x28 TIF> >0x0D TIF> >0x28 TIF> >0x0D TIF> >0x28 TIF> >0x0D TIF> >0x21 TIF> >0x0D TIF> >0x28 TIF> >0x0D TIF> >0x28 TIF> >0x0D TIF> >0x28 TIF> >0x0D TIF> >0x21 TIF> >0x0D TIF> >0x21 TIF> >0x0D TIF> >0x28 TIF> >0x0D TIF> >0x28 TIF> >0x0D TIF> >0x28 TIF> >0x0D TIF> >0x28 TIF> >0x0D TIF> >0x28 TIF> >0x0D TIF> >0x28 TIF> >0x0D TIF> >0x21 TIF> >0x0D TIF>
 >0x21 TIF> >0x0D TIF> >0x28 TIF> >0x0D TIF> >0x28 TIF> >0x108 TIF>Found SWD-DP with ID 0x0BC11477 >0x0D TIF> >0x28 TIF> >0x0D TIF> >0x28 TIF> >0x0D TIF> >0x28 TIF> >0x0D TIF> >0x28 TIF> >0x0D TIF> >0x21 TIF> >0x0D TIF> >0x28 TIF> >0x0D TIF> >0x28 TIF> >0x0D TIF> >0x21 TIF> >0x0D TIF> >0x21 TIF> >0x0D TIF> >0x21 TIF> >0x0D TIF> >0x28 TIF> >0x0D TIF> >0x28 TIF> >0x0D TIF> >0x28 TIF> >0x0D TIF> >0x21 TIF> >0x0D TIF> >0x21 TIF> >0x0D TIF> >0x28 TIF> >0x0D TIF> >0x21 TIF> >0x0D TIF> >0x21 TIF>
Found Cortex-M0 r0p1, Little endian. -- CPU_ReadMem(4 bytes @ 0xE000EDF0) -- CPU_ReadMem(4 bytes @ 0xE0002000)FPUnit: 4 code (BP) slots and 0 literal slots -- CPU_ReadMem(4 bytes @ 0xE000EDFC) -- CPU_ReadMem(4 bytes @ 0xE0001000) -- CPU_WriteMem(4 bytes @ 0xE0001000)CoreSight components:ROMTbl 0 @ 41003000 -- CPU_ReadMem(16 bytes @ 0x41003000) -- CPU_ReadMem(16 bytes @ 0xE00FFFF0) -- CPU_ReadMem(16 bytes @ 0xE00FFFE0)ROMTbl 0 [0]: 9F0FC000, CID: B105100D, PID: 000BB4C0 ROM TableROMTbl 1 @ E00FF000
 -- CPU_ReadMem(16 bytes @ 0xE00FF000) -- CPU_ReadMem(16 bytes @ 0xE000EFF0) -- CPU_ReadMem(16 bytes @ 0xE000EFE0)ROMTbl 1 [0]: FFF0F000, CID: B105E00D, PID: 000BB008 SCS -- CPU_ReadMem(16 bytes @ 0xE0001FF0) -- CPU_ReadMem(16 bytes @ 0xE0001FE0)ROMTbl 1 [1]: FFF02000, CID: B105E00D, PID: 000BB00A DWT -- CPU_ReadMem(16 bytes @ 0xE0002FF0) -- CPU_ReadMem(16 bytes @ 0xE0002FE0)ROMTbl 1 [2]: FFF03000, CID: B105E00D, PID: 000BB00B FPB -- CPU is running -- CPU_WriteMem(1 bytes @ 0x41002100)  returns 0x01
 (0190ms, 20017ms total)
T31E4 3895:014 JLINK_ReadMem (0x41002101, 0x0001 Bytes, ...) -- CPU is running -- CPU_ReadMem(1 bytes @ 0x41002101) - Data: 00  returns 0x00 (0006ms, 20023ms total)
T31E4 3895:220 JLINK_ReadMem (0x41002101, 0x0001 Bytes, ...) -- CPU is running -- CPU_ReadMem(1 bytes @ 0x41002101) - Data: 01  returns 0x00 (0006ms, 20029ms total)
T31E4 3895:226 JLINK_ExecCommand("ProjectFile = D:\Dropbox\ControliD\ACESSO-LEITOR\HW-git\leitorrf\FirmwareV3\FirmwareV3\jlink.config", ...)  returns 0x00 (0001ms, 20030ms total)
T31E4 3895:258 JLINK_ExecCommand("Device = ATSAMD20E17", ...)Device "ATSAMD20E17" selected.  returns 0x00 (0000ms, 20030ms total)
T31E4 3895:258 JLINK_TIF_Select(JLINKARM_TIF_SWD)  returns 0x00 (0000ms, 20030ms total)
T31E4 3895:258 JLINK_SetSpeed(4000) (0000ms, 20030ms total)
T31E4 3895:258 JLINK_ResetPullsRESET(OFF) (0000ms, 20030ms total)
T31E4 3895:258 JLINK_Connect() >0x108 TIF>Found SWD-DP with ID 0x0BC11477 >0x0D TIF> >0x28 TIF> >0x0D TIF> >0x28 TIF> >0x0D TIF> >0x28 TIF> >0x0D TIF> >0x28 TIF> >0x0D TIF> >0x21 TIF> >0x0D TIF> >0x28 TIF> >0x0D TIF> >0x28 TIF> >0x0D TIF> >0x28 TIF> >0x0D TIF> >0x21 TIF> >0x0D TIF> >0x21 TIF> >0x108 TIF>Found SWD-DP with ID 0x0BC11477 >0x0D TIF> >0x28 TIF> >0x0D TIF> >0x28 TIF> >0x0D TIF> >0x28 TIF> >0x0D TIF> >0x28 TIF> >0x0D TIF> >0x21 TIF> >0x0D TIF> >0x28 TIF> >0x0D TIF> >0x28 TIF> >0x0D TIF>
 >0x21 TIF> >0x0D TIF> >0x21 TIF> >0x0D TIF> >0x21 TIF> >0x0D TIF> >0x28 TIF> >0x0D TIF> >0x28 TIF> >0x0D TIF> >0x28 TIF> >0x0D TIF> >0x21 TIF> >0x0D TIF> >0x21 TIF> >0x0D TIF> >0x28 TIF> >0x0D TIF> >0x21 TIF> >0x0D TIF> >0x21 TIF>Found Cortex-M0 r0p1, Little endian. -- CPU_ReadMem(4 bytes @ 0xE000EDF0) -- CPU_ReadMem(4 bytes @ 0xE0002000)FPUnit: 4 code (BP) slots and 0 literal slots -- CPU_ReadMem(4 bytes @ 0xE000EDFC) -- CPU_ReadMem(4 bytes @ 0xE0001000) -- CPU_WriteMem(4 bytes @ 0xE0001000)
CoreSight components:ROMTbl 0 @ 41003000 -- CPU_ReadMem(16 bytes @ 0x41003000) -- CPU_ReadMem(16 bytes @ 0xE00FFFF0) -- CPU_ReadMem(16 bytes @ 0xE00FFFE0)ROMTbl 0 [0]: 9F0FC000, CID: B105100D, PID: 000BB4C0 ROM TableROMTbl 1 @ E00FF000 -- CPU_ReadMem(16 bytes @ 0xE00FF000) -- CPU_ReadMem(16 bytes @ 0xE000EFF0) -- CPU_ReadMem(16 bytes @ 0xE000EFE0)ROMTbl 1 [0]: FFF0F000, CID: B105E00D, PID: 000BB008 SCS -- CPU_ReadMem(16 bytes @ 0xE0001FF0) -- CPU_ReadMem(16 bytes @ 0xE0001FE0)
ROMTbl 1 [1]: FFF02000, CID: B105E00D, PID: 000BB00A DWT -- CPU_ReadMem(16 bytes @ 0xE0002FF0) -- CPU_ReadMem(16 bytes @ 0xE0002FE0)ROMTbl 1 [2]: FFF03000, CID: B105E00D, PID: 000BB00B FPB  returns 0x00 (0017ms, 20047ms total)
T31E4 3895:275 JLINK_Halt()  returns 0x00 (0001ms, 20048ms total)
T31E4 3895:277 JLINK_JTAG_GetDeviceID(DeviceIndex = 0)  returns 0x00 (0000ms, 20048ms total)
T31E4 3895:277 JLINK_ReadMemU32(0x41002018, 0x0001 Items, ...) -- CPU_ReadMem(4 bytes @ 0x41002018) - Data: 0B 12 00 10  returns 0x01 (0000ms, 20048ms total)
T31E4 3895:279 JLINK_BeginDownload(Flags = 0x00) (0000ms, 20048ms total)
T31E4 3895:279 JLINK_WriteMem(0x00000000, 0x394C Bytes, ...) - Data: A0 19 00 20 D9 31 00 00 D5 31 00 00 D5 31 00 00 ...  returns 0x394C (0000ms, 20048ms total)
T31E4 3895:279 JLINK_WriteMem(0x0000394C, 0x0008 Bytes, ...) - Data: AC FC FF 7F 01 00 00 00  returns 0x08 (0000ms, 20048ms total)
T31E4 3895:279 JLINK_WriteMem(0x00003954, 0x000C Bytes, ...) - Data: 08 00 00 00 40 1F 00 00 01 00 00 00  returns 0x0C (0000ms, 20048ms total)
T630C 3895:288 JLINK_IsHalted()  returns TRUE (0000ms, 20048ms total)
T630C 3895:288 JLINK_GetMOEs(...) -- CPU_ReadMem(4 bytes @ 0xE000ED30) -- CPU_WriteMem(4 bytes @ 0xE000ED30)  returns 0x01 (0000ms, 20048ms total)
T630C 3895:288 JLINK_ReadReg(R15 (PC)) -- -------------------------------------- -- Start of determining dirty areas in flash cache -- End of determining dirty areas -- Start of preparing flash programming -- Calculating RAM usage -- RAM usage = 2852 Bytes -- Preserving CPU registers -- Preparing memory -- Determining CPU clock frequency -- CPU clock frequency: 1322 kHz -- CPU frequency = 1322 kHz -- Preparing target -- Downloading RAMCode -- Checking target RAM -- Preparing RAMCode
 -- End of preparing flash programmingCPU is running at very low speed (1322 kHz). Readback will be performed instead of CRC calculation. -- CPU is running at 1322 kHz. -- Start of comparing flash -- Read back was estimated as fastest method -- Comparing range 0x0000 - 0x0FFF (16 Sectors, 4 KB), using multi-block CRC calculation -- CPU is running -- CPU_ReadMem(256 bytes @ 0x00000000) -- CPU is running -- CPU_ReadMem(256 bytes @ 0x00000100) -- CPU is running -- CPU_ReadMem(256 bytes @ 0x00000200)
 -- CPU is running -- CPU_ReadMem(256 bytes @ 0x00000300) -- CPU is running -- CPU_ReadMem(256 bytes @ 0x00000400) -- CPU is running -- CPU_ReadMem(256 bytes @ 0x00000500) -- CPU is running -- CPU_ReadMem(256 bytes @ 0x00000600) -- CPU is running -- CPU_ReadMem(256 bytes @ 0x00000700) -- CPU is running -- CPU_ReadMem(256 bytes @ 0x00000800) -- CPU is running -- CPU_ReadMem(256 bytes @ 0x00000900) -- CPU is running -- CPU_ReadMem(256 bytes @ 0x00000A00) -- CPU is running
 -- CPU_ReadMem(256 bytes @ 0x00000B00) -- CPU is running -- CPU_ReadMem(256 bytes @ 0x00000C00) -- CPU is running -- CPU_ReadMem(256 bytes @ 0x00000D00) -- CPU is running -- CPU_ReadMem(256 bytes @ 0x00000E00) -- CPU is running -- CPU_ReadMem(256 bytes @ 0x00000F00) -- CRC does not match for sectors 0-15 -- Comparing range 0x1000 - 0x1FFF (16 Sectors, 4 KB), using multi-block CRC calculation -- CPU is running -- CPU_ReadMem(256 bytes @ 0x00001000) -- CPU is running -- CPU_ReadMem(256 bytes @ 0x00001100)
 -- CPU is running -- CPU_ReadMem(256 bytes @ 0x00001200) -- CPU is running -- CPU_ReadMem(256 bytes @ 0x00001300) -- CPU is running -- CPU_ReadMem(256 bytes @ 0x00001400) -- CPU is running -- CPU_ReadMem(256 bytes @ 0x00001500) -- CPU is running -- CPU_ReadMem(256 bytes @ 0x00001600) -- CPU is running -- CPU_ReadMem(256 bytes @ 0x00001700) -- CPU is running -- CPU_ReadMem(256 bytes @ 0x00001800) -- CPU is running -- CPU_ReadMem(256 bytes @ 0x00001900) -- CPU is running
 -- CPU_ReadMem(256 bytes @ 0x00001A00) -- CPU is running -- CPU_ReadMem(256 bytes @ 0x00001B00) -- CPU is running -- CPU_ReadMem(256 bytes @ 0x00001C00) -- CPU is running -- CPU_ReadMem(256 bytes @ 0x00001D00) -- CPU is running -- CPU_ReadMem(256 bytes @ 0x00001E00) -- CPU is running -- CPU_ReadMem(256 bytes @ 0x00001F00) -- CRC does not match for sectors 0-15 -- Comparing range 0x2000 - 0x2FFF (16 Sectors, 4 KB), using multi-block CRC calculation -- CPU is running -- CPU_ReadMem(256 bytes @ 0x00002000)
 -- CPU is running -- CPU_ReadMem(256 bytes @ 0x00002100) -- CPU is running -- CPU_ReadMem(256 bytes @ 0x00002200) -- CPU is running -- CPU_ReadMem(256 bytes @ 0x00002300) -- CPU is running -- CPU_ReadMem(256 bytes @ 0x00002400) -- CPU is running -- CPU_ReadMem(256 bytes @ 0x00002500) -- CPU is running -- CPU_ReadMem(256 bytes @ 0x00002600) -- CPU is running -- CPU_ReadMem(256 bytes @ 0x00002700) -- CPU is running -- CPU_ReadMem(256 bytes @ 0x00002800) -- CPU is running
 -- CPU_ReadMem(256 bytes @ 0x00002900) -- CPU is running -- CPU_ReadMem(256 bytes @ 0x00002A00) -- CPU is running -- CPU_ReadMem(256 bytes @ 0x00002B00) -- CPU is running -- CPU_ReadMem(256 bytes @ 0x00002C00) -- CPU is running -- CPU_ReadMem(256 bytes @ 0x00002D00) -- CPU is running -- CPU_ReadMem(256 bytes @ 0x00002E00) -- CPU is running -- CPU_ReadMem(256 bytes @ 0x00002F00) -- CRC does not match for sectors 0-15 -- Comparing range 0x3000 - 0x39FF (10 Sectors, 2 KB), using multi-block CRC calculation
 -- CPU is running -- CPU_ReadMem(256 bytes @ 0x00003000) -- CPU is running -- CPU_ReadMem(256 bytes @ 0x00003100) -- CPU is running -- CPU_ReadMem(256 bytes @ 0x00003200) -- CPU is running -- CPU_ReadMem(256 bytes @ 0x00003300) -- CPU is running -- CPU_ReadMem(256 bytes @ 0x00003400) -- CPU is running -- CPU_ReadMem(256 bytes @ 0x00003500) -- CPU is running -- CPU_ReadMem(256 bytes @ 0x00003600) -- CPU is running -- CPU_ReadMem(256 bytes @ 0x00003700) -- CPU is running
 -- CPU_ReadMem(256 bytes @ 0x00003800) -- CPU is running -- CPU_ReadMem(256 bytes @ 0x00003900) -- CRC does not match for sectors 0-9 -- End of comparing flash -- Start of erasing sectors -- End of erasing sectors -- Start of flash programming -- Programming range 0x00000000 - 0x000003FF (004 Sectors, 1024 Bytes) -- Programming range 0x00000400 - 0x000007FF (004 Sectors, 1024 Bytes) -- Programming range 0x00000800 - 0x00000BFF (004 Sectors, 1024 Bytes)
 -- Programming range 0x00000C00 - 0x00000FFF (004 Sectors, 1024 Bytes) -- Programming range 0x00001000 - 0x000013FF (004 Sectors, 1024 Bytes) -- Programming range 0x00001400 - 0x000017FF (004 Sectors, 1024 Bytes) -- Programming range 0x00001800 - 0x00001BFF (004 Sectors, 1024 Bytes) -- Programming range 0x00001C00 - 0x00001FFF (004 Sectors, 1024 Bytes) -- Programming range 0x00002000 - 0x000023FF (004 Sectors, 1024 Bytes) -- Programming range 0x00002400 - 0x000027FF (004 Sectors, 1024 Bytes)
 -- Programming range 0x00002800 - 0x00002BFF (004 Sectors, 1024 Bytes) -- Programming range 0x00002C00 - 0x00002FFF (004 Sectors, 1024 Bytes) -- Programming range 0x00003000 - 0x000033FF (004 Sectors, 1024 Bytes) -- Programming range 0x00003400 - 0x000037FF (004 Sectors, 1024 Bytes) -- Programming range 0x00003800 - 0x000039FF (002 Sectors, 512 Bytes) -- End of flash programming -- 0x0000 - 0x39FF (058 Sectors, 14 KB) -- Start of verifying flash -- Checksum calculation was estimated as fastest method
 -- End of verifying flash -- Start of restoring -- Restore RAMCode -- Restore content of target memory -- Restore target -- Restore memory -- Restoring CPU registers -- End of restoring -- Flash programming performed for 1 range (14848 bytes) -- Total time needed: 0.460s (Prepare: 0.070s, Compare: 0.148s, Erase: 0.000s, Program: 0.218s, Verify: 0.018s, Restore: 0.003s)  returns 0x000031D4 (0462ms, 20510ms total)
T31E4 3895:751 JLINK_EndDownload()  returns 0x00 (0000ms, 20510ms total)
T3868 3895:855 JLINK_Halt()  returns 0x00 (0001ms, 20511ms total)
T3868 3895:856 JLINK_ReadReg(R15 (PC))  returns 0x000031D4 (0000ms, 20511ms total)
T3868 3895:856 JLINK_ReadReg(R13 (SP))  returns 0x200019A0 (0000ms, 20511ms total)
T3868 3895:857 JLINK_ReadMemHW(0x000031D4, 0x0004 Bytes, ...) -- CPU_ReadMem(4 bytes @ 0x000031D4) - Data: FE E7 C0 46  returns 0x00 (0000ms, 20511ms total)
T3868 3895:857 JLINK_ReadReg(R0)  returns 0x00000000 (0000ms, 20511ms total)
T3868 3895:857 JLINK_ReadReg(R1)  returns 0x42001400 (0000ms, 20511ms total)
T3868 3895:857 JLINK_ReadReg(R2)  returns 0x00000002 (0000ms, 20511ms total)
T3868 3895:857 JLINK_ReadReg(R3)  returns 0x00000035 (0000ms, 20511ms total)
T3868 3895:857 JLINK_ReadReg(R4)  returns 0x00000001 (0000ms, 20511ms total)
T3868 3895:857 JLINK_ReadReg(R5)  returns 0x20000990 (0000ms, 20511ms total)
T3868 3895:857 JLINK_ReadReg(R6)  returns 0x00000002 (0000ms, 20511ms total)
T3868 3895:857 JLINK_ReadReg(R7)  returns 0x42001400 (0000ms, 20511ms total)
T3868 3895:857 JLINK_ReadReg(R8)  returns 0x00000002 (0000ms, 20511ms total)
T3868 3895:857 JLINK_ReadReg(R9)  returns 0x00002979 (0000ms, 20511ms total)
T3868 3895:857 JLINK_ReadReg(R10)  returns 0x00000002 (0000ms, 20511ms total)
T3868 3895:857 JLINK_ReadReg(R11)  returns 0x000017B1 (0000ms, 20511ms total)
T3868 3895:857 JLINK_ReadReg(R12)  returns 0x20001920 (0000ms, 20511ms total)
T3868 3895:857 JLINK_ReadReg(R13 (SP))  returns 0x200019A0 (0000ms, 20511ms total)
T3868 3895:857 JLINK_ReadReg(R14)  returns 0x00000763 (0000ms, 20511ms total)
T3868 3895:857 JLINK_ReadReg(R15 (PC))  returns 0x000031D4 (0000ms, 20511ms total)
T3868 3895:857 JLINK_ReadReg(XPSR)  returns 0x01000000 (0000ms, 20511ms total)
T3868 3895:857 JLINK_ReadReg(MSP)  returns 0x200019A0 (0000ms, 20511ms total)
T3868 3895:857 JLINK_ReadReg(PSP)  returns 0xFFDF2F7C (0000ms, 20511ms total)
T3868 3895:857 JLINK_ReadReg(PRIMASK)  returns 0x00000000 (0000ms, 20511ms total)
T3868 3895:858 JLINK_ReadReg(BASEPRI)  returns 0x00000000 (0000ms, 20512ms total)
T3868 3895:858 JLINK_ReadReg(FAULTMASK)  returns 0x00000000 (0000ms, 20512ms total)
T3868 3895:858 JLINK_ReadReg(CONTROL)  returns 0x00000000 (0000ms, 20512ms total)
T3868 3895:858 JLINK_ReadMemHW(0x000031D4, 0x0002 Bytes, ...) -- CPU_ReadMem(2 bytes @ 0x000031D4) - Data: FE E7  returns 0x00 (0000ms, 20512ms total)
T3868 3895:882 JLINK_ReadReg(R0)  returns 0x00000000 (0000ms, 20512ms total)
T3868 3895:882 JLINK_ReadReg(R1)  returns 0x42001400 (0000ms, 20512ms total)
T3868 3895:882 JLINK_ReadReg(R2)  returns 0x00000002 (0000ms, 20512ms total)
T3868 3895:882 JLINK_ReadReg(R3)  returns 0x00000035 (0000ms, 20512ms total)
T3868 3895:882 JLINK_ReadReg(R4)  returns 0x00000001 (0000ms, 20512ms total)
T3868 3895:882 JLINK_ReadReg(R5)  returns 0x20000990 (0000ms, 20512ms total)
T3868 3895:882 JLINK_ReadReg(R6)  returns 0x00000002 (0000ms, 20512ms total)
T3868 3895:882 JLINK_ReadReg(R7)  returns 0x42001400 (0000ms, 20512ms total)
T3868 3895:882 JLINK_ReadReg(R8)  returns 0x00000002 (0000ms, 20512ms total)
T3868 3895:882 JLINK_ReadReg(R9)  returns 0x00002979 (0000ms, 20512ms total)
T3868 3895:882 JLINK_ReadReg(R10)  returns 0x00000002 (0000ms, 20512ms total)
T3868 3895:882 JLINK_ReadReg(R11)  returns 0x000017B1 (0000ms, 20512ms total)
T3868 3895:882 JLINK_ReadReg(R12)  returns 0x20001920 (0000ms, 20512ms total)
T3868 3895:882 JLINK_ReadReg(R13 (SP))  returns 0x200019A0 (0000ms, 20512ms total)
T3868 3895:882 JLINK_ReadReg(R14)  returns 0x00000763 (0000ms, 20512ms total)
T3868 3895:882 JLINK_ReadReg(R15 (PC))  returns 0x000031D4 (0000ms, 20512ms total)
T3868 3895:882 JLINK_ReadReg(XPSR)  returns 0x01000000 (0000ms, 20512ms total)
T3868 3895:882 JLINK_ReadReg(MSP)  returns 0x200019A0 (0000ms, 20512ms total)
T3868 3895:882 JLINK_ReadReg(PSP)  returns 0xFFDF2F7C (0000ms, 20512ms total)
T3868 3895:882 JLINK_ReadReg(PRIMASK)  returns 0x00000000 (0000ms, 20512ms total)
T3868 3895:882 JLINK_ReadReg(BASEPRI)  returns 0x00000000 (0000ms, 20512ms total)
T3868 3895:882 JLINK_ReadReg(FAULTMASK)  returns 0x00000000 (0000ms, 20512ms total)
T3868 3895:882 JLINK_ReadReg(CONTROL)  returns 0x00000000 (0000ms, 20512ms total)
T3868 3895:887 JLINK_ReadMemHW(0x000031D4, 0x0004 Bytes, ...) -- CPU_ReadMem(4 bytes @ 0x000031D4) - Data: FE E7 C0 46  returns 0x00 (0001ms, 20513ms total)
T3868 3895:898 JLINK_Reset() -- CPU_ReadMem(4 bytes @ 0x20000000) -- CPU_WriteMem(4 bytes @ 0x20000000) -- CPU_ReadMem(4 bytes @ 0xE000EDFC) -- CPU_WriteMem(4 bytes @ 0xE000EDFC) -- CPU_WriteMem(4 bytes @ 0xE000ED0C) -- CPU is running -- CPU_ReadMem(4 bytes @ 0xE000EDF0) -- CPU is running -- CPU_ReadMem(4 bytes @ 0x41002100) -- CPU is running -- CPU_WriteMem(4 bytes @ 0x41002100) -- CPU is running -- CPU_ReadMem(4 bytes @ 0x41002100) -- CPU is running -- CPU_WriteMem(4 bytes @ 0xE000EDFC)
 -- CPU_WriteMem(4 bytes @ 0xE0002000) -- CPU_ReadMem(4 bytes @ 0xE000EDFC) -- CPU_ReadMem(4 bytes @ 0xE0001000) -- CPU_WriteMem(4 bytes @ 0xE0001000) (0008ms, 20521ms total)
T630C 3895:906 JLINK_IsHalted()  returns TRUE (0000ms, 20521ms total)
T630C 3895:906 JLINK_GetMOEs(...) -- CPU_ReadMem(4 bytes @ 0xE000ED30) -- CPU_WriteMem(4 bytes @ 0xE000ED30)  returns 0x01 (0001ms, 20522ms total)
T630C 3895:907 JLINK_ReadReg(R15 (PC))  returns 0x000031D8 (0000ms, 20522ms total)
T3868 3895:917 JLINK_ReadReg(R15 (PC))  returns 0x000031D8 (0000ms, 20522ms total)
T3868 3895:917 JLINK_ReadReg(R13 (SP))  returns 0x200019A0 (0000ms, 20522ms total)
T3868 3895:917 JLINK_ReadMemHW(0x000031D8, 0x0004 Bytes, ...) -- CPU_ReadMem(4 bytes @ 0x000031D8) - Data: 14 49 15 48  returns 0x00 (0000ms, 20522ms total)
T3868 3895:950 JLINK_ReadMemHW(0x0000325C, 0x0001 Bytes, ...) -- CPU_ReadMem(1 bytes @ 0x0000325C) - Data: 10  returns 0x00 (0000ms, 20522ms total)
T3868 3895:994 JLINK_ReadReg(R15 (PC))  returns 0x000031D8 (0000ms, 20522ms total)
T3868 3895:994 JLINK_GetNumBPUnits(Type = 0xFFFFFF02)  returns 0x04 (0000ms, 20522ms total)
T3868 3895:994 JLINK_SetBPEx(Addr = 0x0000325C, Type = 0xFFFFFF02)  returns 0x00000001 (0000ms, 20522ms total)
T3868 3895:994 JLINK_GetBPInfo(BPHandle = 1)  returns 0x00 (0000ms, 20522ms total)
T3868 3895:994 JLINK_Go() -- CPU_WriteMem(4 bytes @ 0xE0002000) -- CPU_ReadMem(4 bytes @ 0xE0001000) -- CPU_WriteMem(4 bytes @ 0xE0001000) -- CPU_WriteMem(4 bytes @ 0xE0002008) -- CPU_WriteMem(4 bytes @ 0xE000200C) -- CPU_WriteMem(4 bytes @ 0xE0002010) -- CPU_WriteMem(4 bytes @ 0xE0002014) -- CPU_WriteMem(4 bytes @ 0xE0001004) (0003ms, 20525ms total)
T630C 3895:997 JLINK_IsHalted() -- CPU is running -- CPU_ReadMem(4 bytes @ 0x41002100)  returns FALSE (0001ms, 20526ms total)
T630C 3896:018 JLINK_IsHalted()  returns TRUE (0002ms, 20527ms total)
T630C 3896:020 JLINK_GetMOEs(...) -- CPU_ReadMem(4 bytes @ 0xE000ED30) -- CPU_WriteMem(4 bytes @ 0xE000ED30)  returns 0x01 (0001ms, 20526ms total)
T630C 3896:021 JLINK_ReadReg(R15 (PC))  returns 0x0000325C (0000ms, 20526ms total)
T630C 3896:021 JLINK_WriteU32(0xE000EDFC, 0x01000000) -- CPU_WriteMem(4 bytes @ 0xE000EDFC)  returns 0x00 (0000ms, 20526ms total)
T630C 3896:021 JLINK_ReadMem (0xE0001000, 0x0004 Bytes, ...) -- CPU_ReadMem(4 bytes @ 0xE0001000) - Data: 00 00 00 20  returns 0x00 (0000ms, 20526ms total)
T630C 3896:021 JLINK_WriteU32(0xE0001000, 0x20000001)  returns 0x00 (0000ms, 20526ms total)
T630C 3896:021 JLINK_WriteU32(0xE0001028, 0x00000100)  returns 0x00 (0000ms, 20526ms total)
T630C 3896:021 JLINK_ReadMem (0xE0001028, 0x0004 Bytes, ...) -- CPU_WriteMem(4 bytes @ 0xE0001028) -- CPU_ReadMem(4 bytes @ 0xE0001028) - Data: 00 00 00 00  returns 0x00 (0001ms, 20527ms total)
T630C 3896:022 JLINK_WriteU32(0xE0001024, 0x0000001F)  returns 0x00 (0000ms, 20527ms total)
T630C 3896:022 JLINK_ReadMem (0xE0001024, 0x0004 Bytes, ...) -- CPU_WriteMem(4 bytes @ 0xE0001024) -- CPU_ReadMem(4 bytes @ 0xE0001024) - Data: 1F 00 00 00  returns 0x00 (0001ms, 20528ms total)
T630C 3896:023 JLINK_WriteU32(0xE0001038, 0x00000100)  returns 0x00 (0000ms, 20528ms total)
T630C 3896:023 JLINK_ReadMem (0xE0001038, 0x0004 Bytes, ...) -- CPU_WriteMem(4 bytes @ 0xE0001038) -- CPU_ReadMem(4 bytes @ 0xE0001038) - Data: 00 00 00 00  returns 0x00 (0000ms, 20528ms total)
T630C 3896:023 JLINK_WriteU32(0xE0001034, 0x0000001F)  returns 0x00 (0001ms, 20529ms total)
T630C 3896:024 JLINK_ReadMem (0xE0001034, 0x0004 Bytes, ...) -- CPU_WriteMem(4 bytes @ 0xE0001034) -- CPU_ReadMem(4 bytes @ 0xE0001034) - Data: 1F 00 00 00  returns 0x00 (0000ms, 20529ms total)
T630C 3896:024 JLINK_WriteU32(0xE0001020, 0x00000000)  returns 0x00 (0000ms, 20529ms total)
T630C 3896:024 JLINK_WriteU32(0xE0001024, 0x00000000)  returns 0x00 (0000ms, 20529ms total)
T630C 3896:024 JLINK_WriteU32(0xE0001028, 0x00000000)  returns 0x00 (0000ms, 20529ms total)
T630C 3896:024 JLINK_WriteU32(0xE0001030, 0x00000000)  returns 0x00 (0000ms, 20529ms total)
T630C 3896:024 JLINK_WriteU32(0xE0001034, 0x00000000)  returns 0x00 (0000ms, 20529ms total)
T630C 3896:024 JLINK_WriteU32(0xE0001038, 0x00000000)  returns 0x00 (0000ms, 20529ms total)
T630C 3896:024 JLINK_GetBPInfo(BPHandle = 1)  returns 0x00 (0000ms, 20529ms total)
T630C 3896:024 JLINK_ClrBPEx(BPHandle = 0x00000001)  returns 0x00 (0000ms, 20529ms total)
T3868 3896:028 JLINK_ReadReg(R15 (PC))  returns 0x0000325C (0000ms, 20529ms total)
T3868 3896:028 JLINK_ReadReg(R13 (SP))  returns 0x20001998 (0000ms, 20529ms total)
T3868 3896:028 JLINK_ReadMemHW(0x0000325C, 0x0004 Bytes, ...) -- CPU_ReadMem(4 bytes @ 0x0000325C) - Data: 10 B5 10 4B  returns 0x00 (0000ms, 20529ms total)
T3868 3896:125 JLINK_ReadReg(R15 (PC))  returns 0x0000325C (0000ms, 20529ms total)
T3868 3896:125 JLINK_Go() -- CPU_WriteMem(4 bytes @ 0xE0001000) -- CPU_ReadMem(4 bytes @ 0xE0001000) -- CPU_WriteMem(4 bytes @ 0xE0001000) -- CPU_WriteMem(4 bytes @ 0xE0001020) -- CPU_WriteMem(4 bytes @ 0xE0001030) -- CPU_WriteMem(4 bytes @ 0xE0001024) -- CPU_WriteMem(4 bytes @ 0xE0001034) -- CPU_WriteMem(4 bytes @ 0xE0001028) -- CPU_WriteMem(4 bytes @ 0xE0001038) -- CPU_WriteMem(4 bytes @ 0xE0002008) (0003ms, 20532ms total)
T630C 3896:129 JLINK_IsHalted() -- CPU is running -- CPU_ReadMem(4 bytes @ 0x41002100)  returns FALSE (0000ms, 20532ms total)
T2054 3896:138 JLINK_EMU_GetList(InterfaceMask = 0x00000001, MaxInfos = 0x00000032) [0]: USB, S/N: 28007540  returns 0x01 (0000ms, 20532ms total)
T630C 3896:169 JLINK_IsHalted() -- CPU is running -- CPU_ReadMem(4 bytes @ 0x41002100)  returns FALSE (0000ms, 20532ms total)
T630C 3896:330 JLINK_IsHalted() -- CPU is running -- CPU_ReadMem(4 bytes @ 0x41002100)  returns FALSE (0001ms, 20533ms total)
T630C 3896:532 JLINK_IsHalted() -- CPU is running -- CPU_ReadMem(4 bytes @ 0x41002100)  returns FALSE (0001ms, 20533ms total)
T630C 3896:733 JLINK_IsHalted() -- CPU is running -- CPU_ReadMem(4 bytes @ 0x41002100)  returns FALSE (0000ms, 20532ms total)
T630C 3896:934 JLINK_IsHalted() -- CPU is running -- CPU_ReadMem(4 bytes @ 0x41002100)  returns FALSE (0000ms, 20532ms total)
T630C 3897:135 JLINK_IsHalted() -- CPU is running -- CPU_ReadMem(4 bytes @ 0x41002100)  returns FALSE (0000ms, 20532ms total)
T630C 3897:336 JLINK_IsHalted() -- CPU is running -- CPU_ReadMem(4 bytes @ 0x41002100)  returns FALSE (0000ms, 20532ms total)
T630C 3897:536 JLINK_IsHalted() -- CPU is running -- CPU_ReadMem(4 bytes @ 0x41002100)  returns FALSE (0001ms, 20533ms total)
T2054 3897:668 JLINK_EMU_GetList(InterfaceMask = 0x00000001, MaxInfos = 0x00000032) [0]: USB, S/N: 28007540  returns 0x01 (0000ms, 20532ms total)
T630C 3897:737 JLINK_IsHalted() -- CPU is running -- CPU_ReadMem(4 bytes @ 0x41002100)  returns FALSE (0001ms, 20533ms total)
T630C 3897:938 JLINK_IsHalted() -- CPU is running -- CPU_ReadMem(4 bytes @ 0x41002100)  returns FALSE (0001ms, 20533ms total)
T630C 3898:140 JLINK_IsHalted() -- CPU is running -- CPU_ReadMem(4 bytes @ 0x41002100)  returns FALSE (0001ms, 20533ms total)
T630C 3898:341 JLINK_IsHalted() -- CPU is running -- CPU_ReadMem(4 bytes @ 0x41002100)  returns FALSE (0001ms, 20533ms total)
T630C 3898:542 JLINK_IsHalted() -- CPU is running -- CPU_ReadMem(4 bytes @ 0x41002100)  returns FALSE (0000ms, 20532ms total)
T630C 3898:742 JLINK_IsHalted() -- CPU is running -- CPU_ReadMem(4 bytes @ 0x41002100)  returns FALSE (0001ms, 20533ms total)
T630C 3898:944 JLINK_IsHalted() -- CPU is running -- CPU_ReadMem(4 bytes @ 0x41002100)  returns FALSE (0001ms, 20533ms total)
T630C 3899:145 JLINK_IsHalted() -- CPU is running -- CPU_ReadMem(4 bytes @ 0x41002100)  returns FALSE (0001ms, 20533ms total)
T2054 3899:213 JLINK_EMU_GetList(InterfaceMask = 0x00000001, MaxInfos = 0x00000032) [0]: USB, S/N: 28007540  returns 0x01 (0001ms, 20533ms total)
T630C 3899:346 JLINK_IsHalted() -- CPU is running -- CPU_ReadMem(4 bytes @ 0x41002100)  returns FALSE (0000ms, 20533ms total)
T630C 3899:547 JLINK_IsHalted() -- CPU is running -- CPU_ReadMem(4 bytes @ 0x41002100)  returns FALSE (0001ms, 20534ms total)
T630C 3899:748 JLINK_IsHalted() -- CPU is running -- CPU_ReadMem(4 bytes @ 0x41002100)  returns FALSE (0001ms, 20534ms total)
T630C 3899:950 JLINK_IsHalted() -- CPU is running -- CPU_ReadMem(4 bytes @ 0x41002100)  returns FALSE (0001ms, 20534ms total)
T630C 3900:151 JLINK_IsHalted() -- CPU is running -- CPU_ReadMem(4 bytes @ 0x41002100)  returns FALSE (0001ms, 20534ms total)
T630C 3900:352 JLINK_IsHalted() -- CPU is running -- CPU_ReadMem(4 bytes @ 0x41002100)  returns FALSE (0000ms, 20533ms total)
T630C 3900:553 JLINK_IsHalted() -- CPU is running -- CPU_ReadMem(4 bytes @ 0x41002100)  returns FALSE (0001ms, 20534ms total)
T2054 3900:751 JLINK_EMU_GetList(InterfaceMask = 0x00000001, MaxInfos = 0x00000032) [0]: USB, S/N: 28007540  returns 0x01 (0001ms, 20534ms total)
T630C 3900:754 JLINK_IsHalted() -- CPU is running -- CPU_ReadMem(4 bytes @ 0x41002100)  returns FALSE (0001ms, 20535ms total)
T630C 3900:955 JLINK_IsHalted() -- CPU is running -- CPU_ReadMem(4 bytes @ 0x41002100)  returns FALSE (0000ms, 20534ms total)
T630C 3901:155 JLINK_IsHalted() -- CPU is running -- CPU_ReadMem(4 bytes @ 0x41002100)  returns FALSE (0000ms, 20534ms total)
T630C 3901:355 JLINK_IsHalted() -- CPU is running -- CPU_ReadMem(4 bytes @ 0x41002100)  returns FALSE (0000ms, 20534ms total)
T630C 3901:556 JLINK_IsHalted() -- CPU is running -- CPU_ReadMem(4 bytes @ 0x41002100)  returns FALSE (0001ms, 20535ms total)
T630C 3901:757 JLINK_IsHalted() -- CPU is running -- CPU_ReadMem(4 bytes @ 0x41002100)  returns FALSE (0001ms, 20535ms total)
T630C 3901:959 JLINK_IsHalted() -- CPU is running -- CPU_ReadMem(4 bytes @ 0x41002100)  returns FALSE (0001ms, 20535ms total)
T630C 3902:160 JLINK_IsHalted() -- CPU is running -- CPU_ReadMem(4 bytes @ 0x41002100)  returns FALSE (0001ms, 20535ms total)
T2054 3902:294 JLINK_EMU_GetList(InterfaceMask = 0x00000001, MaxInfos = 0x00000032) [0]: USB, S/N: 28007540  returns 0x01 (0000ms, 20534ms total)
T630C 3902:362 JLINK_IsHalted() -- CPU is running -- CPU_ReadMem(4 bytes @ 0x41002100)  returns FALSE (0000ms, 20534ms total)
T630C 3902:563 JLINK_IsHalted() -- CPU is running -- CPU_ReadMem(4 bytes @ 0x41002100)  returns FALSE (0000ms, 20534ms total)
T630C 3902:764 JLINK_IsHalted() -- CPU is running -- CPU_ReadMem(4 bytes @ 0x41002100)  returns FALSE (0001ms, 20535ms total)
T630C 3902:966 JLINK_IsHalted() -- CPU is running -- CPU_ReadMem(4 bytes @ 0x41002100)  returns FALSE (0001ms, 20535ms total)
T630C 3903:168 JLINK_IsHalted() -- CPU is running -- CPU_ReadMem(4 bytes @ 0x41002100)  returns FALSE (0000ms, 20534ms total)
T630C 3903:369 JLINK_IsHalted() -- CPU is running -- CPU_ReadMem(4 bytes @ 0x41002100)  returns FALSE (0001ms, 20535ms total)
T630C 3903:570 JLINK_IsHalted() -- CPU is running -- CPU_ReadMem(4 bytes @ 0x41002100)  returns FALSE (0001ms, 20535ms total)
T630C 3903:771 JLINK_IsHalted() -- CPU is running -- CPU_ReadMem(4 bytes @ 0x41002100)  returns FALSE (0001ms, 20535ms total)
T2054 3903:838 JLINK_EMU_GetList(InterfaceMask = 0x00000001, MaxInfos = 0x00000032) [0]: USB, S/N: 28007540  returns 0x01 (0001ms, 20535ms total)
T630C 3903:973 JLINK_IsHalted() -- CPU is running -- CPU_ReadMem(4 bytes @ 0x41002100)  returns FALSE (0001ms, 20536ms total)
T630C 3904:174 JLINK_IsHalted() -- CPU is running -- CPU_ReadMem(4 bytes @ 0x41002100)  returns FALSE (0001ms, 20536ms total)
T630C 3904:375 JLINK_IsHalted() -- CPU is running -- CPU_ReadMem(4 bytes @ 0x41002100)  returns FALSE (0001ms, 20536ms total)
T630C 3904:577 JLINK_IsHalted() -- CPU is running -- CPU_ReadMem(4 bytes @ 0x41002100)  returns FALSE (0000ms, 20536ms total)
T630C 3904:777 JLINK_IsHalted() -- CPU is running -- CPU_ReadMem(4 bytes @ 0x41002100)  returns FALSE (0001ms, 20537ms total)
T630C 3904:978 JLINK_IsHalted() -- CPU is running -- CPU_ReadMem(4 bytes @ 0x41002100)  returns FALSE (0001ms, 20537ms total)
T630C 3905:179 JLINK_IsHalted() -- CPU is running -- CPU_ReadMem(4 bytes @ 0x41002100)  returns FALSE (0001ms, 20537ms total)
T2054 3905:378 JLINK_EMU_GetList(InterfaceMask = 0x00000001, MaxInfos = 0x00000032) [0]: USB, S/N: 28007540  returns 0x01 (0000ms, 20536ms total)
T630C 3905:382 JLINK_IsHalted() -- CPU is running -- CPU_ReadMem(4 bytes @ 0x41002100)  returns FALSE (0000ms, 20536ms total)
T630C 3905:582 JLINK_IsHalted() -- CPU is running -- CPU_ReadMem(4 bytes @ 0x41002100)  returns FALSE (0001ms, 20537ms total)
T630C 3905:783 JLINK_IsHalted() -- CPU is running -- CPU_ReadMem(4 bytes @ 0x41002100)  returns FALSE (0001ms, 20537ms total)
T630C 3905:985 JLINK_IsHalted() -- CPU is running -- CPU_ReadMem(4 bytes @ 0x41002100)  returns FALSE (0001ms, 20537ms total)
T630C 3906:187 JLINK_IsHalted() -- CPU is running -- CPU_ReadMem(4 bytes @ 0x41002100)  returns FALSE (0000ms, 20536ms total)
T630C 3906:387 JLINK_IsHalted() -- CPU is running -- CPU_ReadMem(4 bytes @ 0x41002100)  returns FALSE (0000ms, 20536ms total)
T630C 3906:588 JLINK_IsHalted() -- CPU is running -- CPU_ReadMem(4 bytes @ 0x41002100)  returns FALSE (0001ms, 20537ms total)
T630C 3906:789 JLINK_IsHalted() -- CPU is running -- CPU_ReadMem(4 bytes @ 0x41002100)  returns FALSE (0000ms, 20536ms total)
T2054 3906:918 JLINK_EMU_GetList(InterfaceMask = 0x00000001, MaxInfos = 0x00000032) [0]: USB, S/N: 28007540  returns 0x01 (0000ms, 20536ms total)
T630C 3906:989 JLINK_IsHalted() -- CPU is running -- CPU_ReadMem(4 bytes @ 0x41002100)  returns FALSE (0001ms, 20537ms total)
T630C 3907:190 JLINK_IsHalted() -- CPU is running -- CPU_ReadMem(4 bytes @ 0x41002100)  returns FALSE (0001ms, 20537ms total)
T630C 3907:392 JLINK_IsHalted() -- CPU is running -- CPU_ReadMem(4 bytes @ 0x41002100)  returns FALSE (0000ms, 20536ms total)
T630C 3907:593 JLINK_IsHalted() -- CPU is running -- CPU_ReadMem(4 bytes @ 0x41002100)  returns FALSE (0000ms, 20536ms total)
T630C 3907:793 JLINK_IsHalted() -- CPU is running -- CPU_ReadMem(4 bytes @ 0x41002100)  returns FALSE (0001ms, 20537ms total)
T630C 3907:995 JLINK_IsHalted() -- CPU is running -- CPU_ReadMem(4 bytes @ 0x41002100)  returns FALSE (0000ms, 20536ms total)
T630C 3908:196 JLINK_IsHalted() -- CPU is running -- CPU_ReadMem(4 bytes @ 0x41002100)  returns FALSE (0000ms, 20536ms total)
T630C 3908:396 JLINK_IsHalted() -- CPU is running -- CPU_ReadMem(4 bytes @ 0x41002100)  returns FALSE (0001ms, 20537ms total)
T2054 3908:455 JLINK_EMU_GetList(InterfaceMask = 0x00000001, MaxInfos = 0x00000032) [0]: USB, S/N: 28007540  returns 0x01 (0000ms, 20536ms total)
T630C 3908:597 JLINK_IsHalted() -- CPU is running -- CPU_ReadMem(4 bytes @ 0x41002100)  returns FALSE (0001ms, 20537ms total)
T630C 3908:799 JLINK_IsHalted() -- CPU is running -- CPU_ReadMem(4 bytes @ 0x41002100)  returns FALSE (0001ms, 20537ms total)
T630C 3909:000 JLINK_IsHalted() -- CPU is running -- CPU_ReadMem(4 bytes @ 0x41002100)  returns FALSE (0000ms, 20536ms total)
T630C 3909:200 JLINK_IsHalted() -- CPU is running -- CPU_ReadMem(4 bytes @ 0x41002100)  returns FALSE (0000ms, 20536ms total)
T630C 3909:401 JLINK_IsHalted() -- CPU is running -- CPU_ReadMem(4 bytes @ 0x41002100)  returns FALSE (0001ms, 20537ms total)
T630C 3909:602 JLINK_IsHalted() -- CPU is running -- CPU_ReadMem(4 bytes @ 0x41002100)  returns FALSE (0000ms, 20537ms total)
T630C 3909:803 JLINK_IsHalted() -- CPU is running -- CPU_ReadMem(4 bytes @ 0x41002100)  returns FALSE (0000ms, 20537ms total)
T2054 3909:988 JLINK_EMU_GetList(InterfaceMask = 0x00000001, MaxInfos = 0x00000032) [0]: USB, S/N: 28007540  returns 0x01 (0000ms, 20537ms total)
T630C 3910:003 JLINK_IsHalted() -- CPU is running -- CPU_ReadMem(4 bytes @ 0x41002100)  returns FALSE (0000ms, 20537ms total)
T630C 3910:203 JLINK_IsHalted() -- CPU is running -- CPU_ReadMem(4 bytes @ 0x41002100)  returns FALSE (0000ms, 20537ms total)
T630C 3910:403 JLINK_IsHalted() -- CPU is running -- CPU_ReadMem(4 bytes @ 0x41002100)  returns FALSE (0000ms, 20537ms total)
T630C 3910:604 JLINK_IsHalted() -- CPU is running -- CPU_ReadMem(4 bytes @ 0x41002100)  returns FALSE (0001ms, 20538ms total)
T630C 3910:805 JLINK_IsHalted() -- CPU is running -- CPU_ReadMem(4 bytes @ 0x41002100)  returns FALSE (0001ms, 20538ms total)
T630C 3911:007 JLINK_IsHalted() -- CPU is running -- CPU_ReadMem(4 bytes @ 0x41002100)  returns FALSE (0001ms, 20538ms total)
T630C 3911:208 JLINK_IsHalted() -- CPU is running -- CPU_ReadMem(4 bytes @ 0x41002100)  returns FALSE (0001ms, 20538ms total)
T630C 3911:409 JLINK_IsHalted() -- CPU is running -- CPU_ReadMem(4 bytes @ 0x41002100)  returns FALSE (0001ms, 20539ms total)
T2054 3911:531 JLINK_EMU_GetList(InterfaceMask = 0x00000001, MaxInfos = 0x00000032) [0]: USB, S/N: 28007540  returns 0x01 (0000ms, 20538ms total)
T630C 3911:611 JLINK_IsHalted() -- CPU is running -- CPU_ReadMem(4 bytes @ 0x41002100)  returns FALSE (0000ms, 20538ms total)
T630C 3911:811 JLINK_IsHalted() -- CPU is running -- CPU_ReadMem(4 bytes @ 0x41002100)  returns FALSE (0001ms, 20539ms total)
T630C 3912:013 JLINK_IsHalted() -- CPU is running -- CPU_ReadMem(4 bytes @ 0x41002100)  returns FALSE (0001ms, 20539ms total)
T630C 3912:214 JLINK_IsHalted() -- CPU is running -- CPU_ReadMem(4 bytes @ 0x41002100)  returns FALSE (0001ms, 20539ms total)
T630C 3912:415 JLINK_IsHalted() -- CPU is running -- CPU_ReadMem(4 bytes @ 0x41002100)  returns FALSE (0001ms, 20539ms total)
T630C 3912:616 JLINK_IsHalted() -- CPU is running -- CPU_ReadMem(4 bytes @ 0x41002100)  returns FALSE (0000ms, 20538ms total)
T630C 3912:817 JLINK_IsHalted() -- CPU is running -- CPU_ReadMem(4 bytes @ 0x41002100)  returns FALSE (0000ms, 20538ms total)
T630C 3913:018 JLINK_IsHalted() -- CPU is running -- CPU_ReadMem(4 bytes @ 0x41002100)  returns FALSE (0000ms, 20538ms total)
T2054 3913:066 JLINK_EMU_GetList(InterfaceMask = 0x00000001, MaxInfos = 0x00000032) [0]: USB, S/N: 28007540  returns 0x01 (0000ms, 20538ms total)
T630C 3913:219 JLINK_IsHalted() -- CPU is running -- CPU_ReadMem(4 bytes @ 0x41002100)  returns FALSE (0001ms, 20539ms total)
T630C 3913:420 JLINK_IsHalted() -- CPU is running -- CPU_ReadMem(4 bytes @ 0x41002100)  returns FALSE (0001ms, 20539ms total)
T630C 3913:621 JLINK_IsHalted() -- CPU is running -- CPU_ReadMem(4 bytes @ 0x41002100)  returns FALSE (0001ms, 20540ms total)
T630C 3913:823 JLINK_IsHalted() -- CPU is running -- CPU_ReadMem(4 bytes @ 0x41002100)  returns FALSE (0000ms, 20539ms total)
T630C 3914:023 JLINK_IsHalted() -- CPU is running -- CPU_ReadMem(4 bytes @ 0x41002100)  returns FALSE (0000ms, 20539ms total)
T630C 3914:224 JLINK_IsHalted() -- CPU is running -- CPU_ReadMem(4 bytes @ 0x41002100)  returns FALSE (0000ms, 20539ms total)
T630C 3914:425 JLINK_IsHalted() -- CPU is running -- CPU_ReadMem(4 bytes @ 0x41002100)  returns FALSE (0000ms, 20539ms total)
T2054 3914:598 JLINK_EMU_GetList(InterfaceMask = 0x00000001, MaxInfos = 0x00000032) [0]: USB, S/N: 28007540  returns 0x01 (0001ms, 20540ms total)
T630C 3914:625 JLINK_IsHalted() -- CPU is running -- CPU_ReadMem(4 bytes @ 0x41002100)  returns FALSE (0000ms, 20540ms total)
T630C 3914:825 JLINK_IsHalted() -- CPU is running -- CPU_ReadMem(4 bytes @ 0x41002100)  returns FALSE (0001ms, 20541ms total)
T630C 3915:026 JLINK_IsHalted() -- CPU is running -- CPU_ReadMem(4 bytes @ 0x41002100)  returns FALSE (0001ms, 20541ms total)
T630C 3915:228 JLINK_IsHalted() -- CPU is running -- CPU_ReadMem(4 bytes @ 0x41002100)  returns FALSE (0001ms, 20541ms total)
T630C 3915:429 JLINK_IsHalted() -- CPU is running -- CPU_ReadMem(4 bytes @ 0x41002100)  returns FALSE (0001ms, 20541ms total)
T630C 3915:631 JLINK_IsHalted() -- CPU is running -- CPU_ReadMem(4 bytes @ 0x41002100)  returns FALSE (0001ms, 20541ms total)
T630C 3915:832 JLINK_IsHalted() -- CPU is running -- CPU_ReadMem(4 bytes @ 0x41002100)  returns FALSE (0000ms, 20540ms total)
T630C 3916:033 JLINK_IsHalted() -- CPU is running -- CPU_ReadMem(4 bytes @ 0x41002100)  returns FALSE (0001ms, 20541ms total)
T2054 3916:135 JLINK_EMU_GetList(InterfaceMask = 0x00000001, MaxInfos = 0x00000032) [0]: USB, S/N: 28007540  returns 0x01 (0000ms, 20540ms total)
T630C 3916:234 JLINK_IsHalted() -- CPU is running -- CPU_ReadMem(4 bytes @ 0x41002100)  returns FALSE (0000ms, 20540ms total)
T630C 3916:434 JLINK_IsHalted() -- CPU is running -- CPU_ReadMem(4 bytes @ 0x41002100)  returns FALSE (0000ms, 20540ms total)
T630C 3916:635 JLINK_IsHalted() -- CPU is running -- CPU_ReadMem(4 bytes @ 0x41002100)  returns FALSE (0001ms, 20541ms total)
T630C 3916:837 JLINK_IsHalted() -- CPU is running -- CPU_ReadMem(4 bytes @ 0x41002100)  returns FALSE (0001ms, 20541ms total)
T630C 3917:038 JLINK_IsHalted() -- CPU is running -- CPU_ReadMem(4 bytes @ 0x41002100)  returns FALSE (0001ms, 20541ms total)
T630C 3917:240 JLINK_IsHalted() -- CPU is running -- CPU_ReadMem(4 bytes @ 0x41002100)  returns FALSE (0000ms, 20540ms total)
T630C 3917:441 JLINK_IsHalted() -- CPU is running -- CPU_ReadMem(4 bytes @ 0x41002100)  returns FALSE (0001ms, 20541ms total)
T630C 3917:642 JLINK_IsHalted() -- CPU is running -- CPU_ReadMem(4 bytes @ 0x41002100)  returns FALSE (0001ms, 20542ms total)
T2054 3917:673 JLINK_EMU_GetList(InterfaceMask = 0x00000001, MaxInfos = 0x00000032) [0]: USB, S/N: 28007540  returns 0x01 (0001ms, 20542ms total)
T630C 3917:843 JLINK_IsHalted() -- CPU is running -- CPU_ReadMem(4 bytes @ 0x41002100)  returns FALSE (0001ms, 20543ms total)
T630C 3918:045 JLINK_IsHalted() -- CPU is running -- CPU_ReadMem(4 bytes @ 0x41002100)  returns FALSE (0001ms, 20543ms total)
T630C 3918:246 JLINK_IsHalted() -- CPU is running -- CPU_ReadMem(4 bytes @ 0x41002100)  returns FALSE (0001ms, 20543ms total)
T630C 3918:447 JLINK_IsHalted() -- CPU is running -- CPU_ReadMem(4 bytes @ 0x41002100)  returns FALSE (0000ms, 20542ms total)
T630C 3918:648 JLINK_IsHalted() -- CPU is running -- CPU_ReadMem(4 bytes @ 0x41002100)  returns FALSE (0001ms, 20543ms total)
T630C 3918:851 JLINK_IsHalted() -- CPU is running -- CPU_ReadMem(4 bytes @ 0x41002100)  returns FALSE (0001ms, 20543ms total)
T630C 3919:053 JLINK_IsHalted() -- CPU is running -- CPU_ReadMem(4 bytes @ 0x41002100)  returns FALSE (0001ms, 20543ms total)
T2054 3919:218 JLINK_EMU_GetList(InterfaceMask = 0x00000001, MaxInfos = 0x00000032) [0]: USB, S/N: 28007540  returns 0x01 (0001ms, 20543ms total)
T630C 3919:255 JLINK_IsHalted() -- CPU is running -- CPU_ReadMem(4 bytes @ 0x41002100)  returns FALSE (0000ms, 20543ms total)
T630C 3919:456 JLINK_IsHalted() -- CPU is running -- CPU_ReadMem(4 bytes @ 0x41002100)  returns FALSE (0000ms, 20543ms total)
T630C 3919:656 JLINK_IsHalted() -- CPU is running -- CPU_ReadMem(4 bytes @ 0x41002100)  returns FALSE (0001ms, 20544ms total)
T630C 3919:858 JLINK_IsHalted() -- CPU is running -- CPU_ReadMem(4 bytes @ 0x41002100)  returns FALSE (0000ms, 20543ms total)
T630C 3920:058 JLINK_IsHalted() -- CPU is running -- CPU_ReadMem(4 bytes @ 0x41002100)  returns FALSE (0000ms, 20543ms total)
T630C 3920:259 JLINK_IsHalted() -- CPU is running -- CPU_ReadMem(4 bytes @ 0x41002100)  returns FALSE (0001ms, 20544ms total)
T630C 3920:461 JLINK_IsHalted() -- CPU is running -- CPU_ReadMem(4 bytes @ 0x41002100)  returns FALSE (0001ms, 20544ms total)
T630C 3920:662 JLINK_IsHalted() -- CPU is running -- CPU_ReadMem(4 bytes @ 0x41002100)  returns FALSE (0000ms, 20543ms total)
T2054 3920:757 JLINK_EMU_GetList(InterfaceMask = 0x00000001, MaxInfos = 0x00000032) [0]: USB, S/N: 28007540  returns 0x01 (0000ms, 20543ms total)
T630C 3920:862 JLINK_IsHalted() -- CPU is running -- CPU_ReadMem(4 bytes @ 0x41002100)  returns FALSE (0001ms, 20544ms total)
T630C 3921:063 JLINK_IsHalted() -- CPU is running -- CPU_ReadMem(4 bytes @ 0x41002100)  returns FALSE (0001ms, 20544ms total)
T630C 3921:265 JLINK_IsHalted() -- CPU is running -- CPU_ReadMem(4 bytes @ 0x41002100)  returns FALSE (0001ms, 20544ms total)
T630C 3921:466 JLINK_IsHalted() -- CPU is running -- CPU_ReadMem(4 bytes @ 0x41002100)  returns FALSE (0000ms, 20543ms total)
T630C 3921:667 JLINK_IsHalted() -- CPU is running -- CPU_ReadMem(4 bytes @ 0x41002100)  returns FALSE (0001ms, 20544ms total)
T630C 3921:869 JLINK_IsHalted() -- CPU is running -- CPU_ReadMem(4 bytes @ 0x41002100)  returns FALSE (0001ms, 20544ms total)
T630C 3922:071 JLINK_IsHalted() -- CPU is running -- CPU_ReadMem(4 bytes @ 0x41002100)  returns FALSE (0000ms, 20543ms total)
T630C 3922:271 JLINK_IsHalted() -- CPU is running -- CPU_ReadMem(4 bytes @ 0x41002100)  returns FALSE (0000ms, 20543ms total)
T2054 3922:300 JLINK_EMU_GetList(InterfaceMask = 0x00000001, MaxInfos = 0x00000032) [0]: USB, S/N: 28007540  returns 0x01 (0000ms, 20543ms total)
T630C 3922:472 JLINK_IsHalted() -- CPU is running -- CPU_ReadMem(4 bytes @ 0x41002100)  returns FALSE (0000ms, 20543ms total)
T630C 3922:673 JLINK_IsHalted() -- CPU is running -- CPU_ReadMem(4 bytes @ 0x41002100)  returns FALSE (0001ms, 20544ms total)
T630C 3922:874 JLINK_IsHalted() -- CPU is running -- CPU_ReadMem(4 bytes @ 0x41002100)  returns FALSE (0001ms, 20544ms total)
T630C 3923:075 JLINK_IsHalted() -- CPU is running -- CPU_ReadMem(4 bytes @ 0x41002100)  returns FALSE (0001ms, 20544ms total)
T630C 3923:277 JLINK_IsHalted() -- CPU is running -- CPU_ReadMem(4 bytes @ 0x41002100)  returns FALSE (0001ms, 20544ms total)
T630C 3923:478 JLINK_IsHalted() -- CPU is running -- CPU_ReadMem(4 bytes @ 0x41002100)  returns FALSE (0000ms, 20543ms total)
T630C 3923:679 JLINK_IsHalted() -- CPU is running -- CPU_ReadMem(4 bytes @ 0x41002100)  returns FALSE (0000ms, 20543ms total)
T2054 3923:836 JLINK_EMU_GetList(InterfaceMask = 0x00000001, MaxInfos = 0x00000032) [0]: USB, S/N: 28007540  returns 0x01 (0000ms, 20543ms total)
T630C 3923:879 JLINK_IsHalted() -- CPU is running -- CPU_ReadMem(4 bytes @ 0x41002100)  returns FALSE (0001ms, 20544ms total)
T630C 3924:080 JLINK_IsHalted() -- CPU is running -- CPU_ReadMem(4 bytes @ 0x41002100)  returns FALSE (0001ms, 20544ms total)
T630C 3924:282 JLINK_IsHalted() -- CPU is running -- CPU_ReadMem(4 bytes @ 0x41002100)  returns FALSE (0000ms, 20543ms total)
T630C 3924:483 JLINK_IsHalted() -- CPU is running -- CPU_ReadMem(4 bytes @ 0x41002100)  returns FALSE (0000ms, 20543ms total)
T630C 3924:685 JLINK_IsHalted() -- CPU is running -- CPU_ReadMem(4 bytes @ 0x41002100)  returns FALSE (0000ms, 20543ms total)
T630C 3924:886 JLINK_IsHalted() -- CPU is running -- CPU_ReadMem(4 bytes @ 0x41002100)  returns FALSE (0001ms, 20544ms total)
T630C 3925:088 JLINK_IsHalted() -- CPU is running -- CPU_ReadMem(4 bytes @ 0x41002100)  returns FALSE (0001ms, 20544ms total)
T630C 3925:289 JLINK_IsHalted() -- CPU is running -- CPU_ReadMem(4 bytes @ 0x41002100)  returns FALSE (0000ms, 20543ms total)
T2054 3925:376 JLINK_EMU_GetList(InterfaceMask = 0x00000001, MaxInfos = 0x00000032) [0]: USB, S/N: 28007540  returns 0x01 (0000ms, 20543ms total)
T630C 3925:490 JLINK_IsHalted() -- CPU is running -- CPU_ReadMem(4 bytes @ 0x41002100)  returns FALSE (0001ms, 20544ms total)
T630C 3925:691 JLINK_IsHalted()Connection to device lost. Trying to reconnect to target. >0x108 TIF>Found SWD-DP with ID 0x0BC11477 >0x0D TIF> >0x28 TIF> >0x0D TIF> >0x28 TIF> >0x0D TIF> >0x28 TIF> >0x0D TIF> >0x28 TIF> -- CPU is running -- CPU_ReadMem(4 bytes @ 0x41002100) -- CPU is running -- CPU_WriteMem(4 bytes @ 0x41002100)  returns FALSE (0006ms, 20549ms total)
T630C 3925:898 JLINK_IsHalted() -- CPU is running -- CPU_ReadMem(4 bytes @ 0x41002100)  returns FALSE (0001ms, 20544ms total)
T630C 3926:099 JLINK_IsHalted() -- CPU is running -- CPU_ReadMem(4 bytes @ 0x41002100)  returns FALSE (0000ms, 20543ms total)
T630C 3926:300 JLINK_IsHalted() -- CPU is running -- CPU_ReadMem(4 bytes @ 0x41002100)  returns FALSE (0000ms, 20543ms total)
T630C 3926:501 JLINK_IsHalted() -- CPU is running -- CPU_ReadMem(4 bytes @ 0x41002100)  returns FALSE (0000ms, 20543ms total)
T630C 3926:702 JLINK_IsHalted() -- CPU is running -- CPU_ReadMem(4 bytes @ 0x41002100)  returns FALSE (0001ms, 20544ms total)
T630C 3926:904 JLINK_IsHalted() -- CPU is running -- CPU_ReadMem(4 bytes @ 0x41002100)  returns FALSE (0001ms, 20544ms total)
T2054 3926:912 JLINK_EMU_GetList(InterfaceMask = 0x00000001, MaxInfos = 0x00000032) [0]: USB, S/N: 28007540  returns 0x01 (0001ms, 20544ms total)
T630C 3927:105 JLINK_IsHalted() -- CPU is running -- CPU_ReadMem(4 bytes @ 0x41002100)  returns FALSE (0001ms, 20545ms total)
T630C 3927:307 JLINK_IsHalted() -- CPU is running -- CPU_ReadMem(4 bytes @ 0x41002100)  returns FALSE (0000ms, 20544ms total)
T630C 3927:507 JLINK_IsHalted() -- CPU is running -- CPU_ReadMem(4 bytes @ 0x41002100)  returns FALSE (0001ms, 20545ms total)
T630C 3927:709 JLINK_IsHalted() -- CPU is running -- CPU_ReadMem(4 bytes @ 0x41002100)  returns FALSE (0000ms, 20544ms total)
T630C 3927:909 JLINK_IsHalted() -- CPU is running -- CPU_ReadMem(4 bytes @ 0x41002100)  returns FALSE (0000ms, 20544ms total)
T630C 3928:110 JLINK_IsHalted() -- CPU is running -- CPU_ReadMem(4 bytes @ 0x41002100)  returns FALSE (0001ms, 20545ms total)
T630C 3928:311 JLINK_IsHalted() -- CPU is running -- CPU_ReadMem(4 bytes @ 0x41002100)  returns FALSE (0001ms, 20545ms total)
T2054 3928:450 JLINK_EMU_GetList(InterfaceMask = 0x00000001, MaxInfos = 0x00000032) [0]: USB, S/N: 28007540  returns 0x01 (0000ms, 20544ms total)
T630C 3928:512 JLINK_IsHalted() -- CPU is running -- CPU_ReadMem(4 bytes @ 0x41002100)  returns FALSE (0000ms, 20544ms total)
T630C 3928:713 JLINK_IsHalted() -- CPU is running -- CPU_ReadMem(4 bytes @ 0x41002100)  returns FALSE (0001ms, 20545ms total)
T630C 3928:914 JLINK_IsHalted() -- CPU is running -- CPU_ReadMem(4 bytes @ 0x41002100)  returns FALSE (0001ms, 20545ms total)
T630C 3929:116 JLINK_IsHalted() -- CPU is running -- CPU_ReadMem(4 bytes @ 0x41002100)  returns FALSE (0001ms, 20545ms total)
T630C 3929:317 JLINK_IsHalted() -- CPU is running -- CPU_ReadMem(4 bytes @ 0x41002100)  returns FALSE (0001ms, 20545ms total)
T630C 3929:518 JLINK_IsHalted() -- CPU is running -- CPU_ReadMem(4 bytes @ 0x41002100)  returns FALSE (0001ms, 20545ms total)
T630C 3929:719 JLINK_IsHalted() -- CPU is running -- CPU_ReadMem(4 bytes @ 0x41002100)  returns FALSE (0001ms, 20545ms total)
T630C 3929:921 JLINK_IsHalted() -- CPU is running -- CPU_ReadMem(4 bytes @ 0x41002100)  returns FALSE (0001ms, 20545ms total)
T2054 3929:994 JLINK_EMU_GetList(InterfaceMask = 0x00000001, MaxInfos = 0x00000032) [0]: USB, S/N: 28007540  returns 0x01 (0001ms, 20545ms total)
T630C 3930:123 JLINK_IsHalted() -- CPU is running -- CPU_ReadMem(4 bytes @ 0x41002100)  returns FALSE (0001ms, 20546ms total)
T630C 3930:324 JLINK_IsHalted() -- CPU is running -- CPU_ReadMem(4 bytes @ 0x41002100)  returns FALSE (0001ms, 20546ms total)
T630C 3930:525 JLINK_IsHalted() -- CPU is running -- CPU_ReadMem(4 bytes @ 0x41002100)  returns FALSE (0001ms, 20546ms total)
T630C 3930:727 JLINK_IsHalted() -- CPU is running -- CPU_ReadMem(4 bytes @ 0x41002100)  returns FALSE (0000ms, 20545ms total)
T630C 3930:928 JLINK_IsHalted() -- CPU is running -- CPU_ReadMem(4 bytes @ 0x41002100)  returns FALSE (0000ms, 20545ms total)
T630C 3931:129 JLINK_IsHalted() -- CPU is running -- CPU_ReadMem(4 bytes @ 0x41002100)  returns FALSE (0001ms, 20546ms total)
T630C 3931:330 JLINK_IsHalted() -- CPU is running -- CPU_ReadMem(4 bytes @ 0x41002100)  returns FALSE (0001ms, 20547ms total)
T2054 3931:529 JLINK_EMU_GetList(InterfaceMask = 0x00000001, MaxInfos = 0x00000032) [0]: USB, S/N: 28007540  returns 0x01 (0000ms, 20546ms total)
T630C 3931:531 JLINK_IsHalted() -- CPU is running -- CPU_ReadMem(4 bytes @ 0x41002100)  returns FALSE (0000ms, 20546ms total)
T630C 3931:732 JLINK_IsHalted() -- CPU is running -- CPU_ReadMem(4 bytes @ 0x41002100)  returns FALSE (0000ms, 20546ms total)
T630C 3931:933 JLINK_IsHalted() -- CPU is running -- CPU_ReadMem(4 bytes @ 0x41002100)  returns FALSE (0000ms, 20546ms total)
T630C 3932:134 JLINK_IsHalted() -- CPU is running -- CPU_ReadMem(4 bytes @ 0x41002100)  returns FALSE (0001ms, 20547ms total)
T630C 3932:336 JLINK_IsHalted() -- CPU is running -- CPU_ReadMem(4 bytes @ 0x41002100)  returns FALSE (0000ms, 20546ms total)
T630C 3932:536 JLINK_IsHalted() -- CPU is running -- CPU_ReadMem(4 bytes @ 0x41002100)  returns FALSE (0000ms, 20546ms total)
T630C 3932:736 JLINK_IsHalted() -- CPU is running -- CPU_ReadMem(4 bytes @ 0x41002100)  returns FALSE (0001ms, 20547ms total)
T630C 3932:938 JLINK_IsHalted() -- CPU is running -- CPU_ReadMem(4 bytes @ 0x41002100)  returns FALSE (0001ms, 20547ms total)
T2054 3933:067 JLINK_EMU_GetList(InterfaceMask = 0x00000001, MaxInfos = 0x00000032) [0]: USB, S/N: 28007540  returns 0x01 (0001ms, 20547ms total)
T630C 3933:139 JLINK_IsHalted() -- CPU is running -- CPU_ReadMem(4 bytes @ 0x41002100)  returns FALSE (0001ms, 20548ms total)
T630C 3933:341 JLINK_IsHalted() -- CPU is running -- CPU_ReadMem(4 bytes @ 0x41002100)  returns FALSE (0000ms, 20548ms total)
T630C 3933:541 JLINK_IsHalted() -- CPU is running -- CPU_ReadMem(4 bytes @ 0x41002100)  returns FALSE (0000ms, 20548ms total)
T630C 3933:742 JLINK_IsHalted() -- CPU is running -- CPU_ReadMem(4 bytes @ 0x41002100)  returns FALSE (0001ms, 20549ms total)
T630C 3933:944 JLINK_IsHalted() -- CPU is running -- CPU_ReadMem(4 bytes @ 0x41002100)  returns FALSE (0001ms, 20549ms total)
T630C 3934:146 JLINK_IsHalted() -- CPU is running -- CPU_ReadMem(4 bytes @ 0x41002100)  returns FALSE (0000ms, 20548ms total)
T630C 3934:346 JLINK_IsHalted() -- CPU is running -- CPU_ReadMem(4 bytes @ 0x41002100)  returns FALSE (0000ms, 20548ms total)
T630C 3934:547 JLINK_IsHalted() -- CPU is running -- CPU_ReadMem(4 bytes @ 0x41002100)  returns FALSE (0000ms, 20548ms total)
T2054 3934:602 JLINK_EMU_GetList(InterfaceMask = 0x00000001, MaxInfos = 0x00000032) [0]: USB, S/N: 28007540  returns 0x01 (0000ms, 20548ms total)
T630C 3934:748 JLINK_IsHalted() -- CPU is running -- CPU_ReadMem(4 bytes @ 0x41002100)  returns FALSE (0001ms, 20549ms total)
T630C 3934:950 JLINK_IsHalted() -- CPU is running -- CPU_ReadMem(4 bytes @ 0x41002100)  returns FALSE (0000ms, 20548ms total)
T630C 3935:150 JLINK_IsHalted() -- CPU is running -- CPU_ReadMem(4 bytes @ 0x41002100)  returns FALSE (0001ms, 20549ms total)
T630C 3935:351 JLINK_IsHalted() -- CPU is running -- CPU_ReadMem(4 bytes @ 0x41002100)  returns FALSE (0000ms, 20548ms total)
T630C 3935:552 JLINK_IsHalted() -- CPU is running -- CPU_ReadMem(4 bytes @ 0x41002100)  returns FALSE (0000ms, 20548ms total)
T630C 3935:753 JLINK_IsHalted() -- CPU is running -- CPU_ReadMem(4 bytes @ 0x41002100)  returns FALSE (0001ms, 20549ms total)
T630C 3935:954 JLINK_IsHalted() -- CPU is running -- CPU_ReadMem(4 bytes @ 0x41002100)  returns FALSE (0000ms, 20548ms total)
T2054 3936:138 JLINK_EMU_GetList(InterfaceMask = 0x00000001, MaxInfos = 0x00000032) [0]: USB, S/N: 28007540  returns 0x01 (0000ms, 20548ms total)
T630C 3936:155 JLINK_IsHalted() -- CPU is running -- CPU_ReadMem(4 bytes @ 0x41002100)  returns FALSE (0000ms, 20548ms total)
T630C 3936:355 JLINK_IsHalted() -- CPU is running -- CPU_ReadMem(4 bytes @ 0x41002100)  returns FALSE (0001ms, 20549ms total)
T630C 3936:556 JLINK_IsHalted() -- CPU is running -- CPU_ReadMem(4 bytes @ 0x41002100)  returns FALSE (0001ms, 20549ms total)
T630C 3936:757 JLINK_IsHalted() -- CPU is running -- CPU_ReadMem(4 bytes @ 0x41002100)  returns FALSE (0001ms, 20549ms total)
T630C 3936:958 JLINK_IsHalted() -- CPU is running -- CPU_ReadMem(4 bytes @ 0x41002100)  returns FALSE (0000ms, 20548ms total)
T630C 3937:159 JLINK_IsHalted() -- CPU is running -- CPU_ReadMem(4 bytes @ 0x41002100)  returns FALSE (0000ms, 20548ms total)
T630C 3937:359 JLINK_IsHalted() -- CPU is running -- CPU_ReadMem(4 bytes @ 0x41002100)  returns FALSE (0000ms, 20548ms total)
T630C 3937:560 JLINK_IsHalted() -- CPU is running -- CPU_ReadMem(4 bytes @ 0x41002100)  returns FALSE (0000ms, 20548ms total)
T2054 3937:675 JLINK_EMU_GetList(InterfaceMask = 0x00000001, MaxInfos = 0x00000032) [0]: USB, S/N: 28007540  returns 0x01 (0000ms, 20548ms total)
T630C 3937:761 JLINK_IsHalted() -- CPU is running -- CPU_ReadMem(4 bytes @ 0x41002100)  returns FALSE (0000ms, 20548ms total)
T630C 3937:962 JLINK_IsHalted() -- CPU is running -- CPU_ReadMem(4 bytes @ 0x41002100)  returns FALSE (0001ms, 20549ms total)
T630C 3938:163 JLINK_IsHalted() -- CPU is running -- CPU_ReadMem(4 bytes @ 0x41002100)  returns FALSE (0001ms, 20549ms total)
T630C 3938:365 JLINK_IsHalted() -- CPU is running -- CPU_ReadMem(4 bytes @ 0x41002100)  returns FALSE (0001ms, 20549ms total)
T630C 3938:566 JLINK_IsHalted() -- CPU is running -- CPU_ReadMem(4 bytes @ 0x41002100)  returns FALSE (0000ms, 20548ms total)
T630C 3938:766 JLINK_IsHalted() -- CPU is running -- CPU_ReadMem(4 bytes @ 0x41002100)  returns FALSE (0001ms, 20549ms total)
T630C 3938:967 JLINK_IsHalted() -- CPU is running -- CPU_ReadMem(4 bytes @ 0x41002100)  returns FALSE (0001ms, 20549ms total)
T630C 3939:169 JLINK_IsHalted() -- CPU is running -- CPU_ReadMem(4 bytes @ 0x41002100)  returns FALSE (0001ms, 20549ms total)
T2054 3939:212 JLINK_EMU_GetList(InterfaceMask = 0x00000001, MaxInfos = 0x00000032) [0]: USB, S/N: 28007540  returns 0x01 (0001ms, 20549ms total)
T630C 3939:371 JLINK_IsHalted() -- CPU is running -- CPU_ReadMem(4 bytes @ 0x41002100)  returns FALSE (0000ms, 20549ms total)
T630C 3939:572 JLINK_IsHalted() -- CPU is running -- CPU_ReadMem(4 bytes @ 0x41002100)  returns FALSE (0000ms, 20549ms total)
T630C 3939:773 JLINK_IsHalted() -- CPU is running -- CPU_ReadMem(4 bytes @ 0x41002100)  returns FALSE (0001ms, 20550ms total)
T630C 3939:975 JLINK_IsHalted() -- CPU is running -- CPU_ReadMem(4 bytes @ 0x41002100)  returns FALSE (0001ms, 20550ms total)
T630C 3940:177 JLINK_IsHalted() -- CPU is running -- CPU_ReadMem(4 bytes @ 0x41002100)  returns FALSE (0000ms, 20549ms total)
T630C 3940:377 JLINK_IsHalted() -- CPU is running -- CPU_ReadMem(4 bytes @ 0x41002100)  returns FALSE (0001ms, 20550ms total)
T630C 3940:579 JLINK_IsHalted() -- CPU is running -- CPU_ReadMem(4 bytes @ 0x41002100)  returns FALSE (0000ms, 20549ms total)
T2054 3940:744 JLINK_EMU_GetList(InterfaceMask = 0x00000001, MaxInfos = 0x00000032) [0]: USB, S/N: 28007540  returns 0x01 (0001ms, 20550ms total)
T630C 3940:780 JLINK_IsHalted() -- CPU is running -- CPU_ReadMem(4 bytes @ 0x41002100)  returns FALSE (0000ms, 20550ms total)
T630C 3940:980 JLINK_IsHalted() -- CPU is running -- CPU_ReadMem(4 bytes @ 0x41002100)  returns FALSE (0000ms, 20550ms total)
T630C 3941:180 JLINK_IsHalted() -- CPU is running -- CPU_ReadMem(4 bytes @ 0x41002100)  returns FALSE (0000ms, 20550ms total)
T630C 3941:380 JLINK_IsHalted() -- CPU is running -- CPU_ReadMem(4 bytes @ 0x41002100)  returns FALSE (0001ms, 20551ms total)
T630C 3941:581 JLINK_IsHalted() -- CPU is running -- CPU_ReadMem(4 bytes @ 0x41002100)  returns FALSE (0001ms, 20551ms total)
T630C 3941:782 JLINK_IsHalted() -- CPU is running -- CPU_ReadMem(4 bytes @ 0x41002100)  returns FALSE (0001ms, 20551ms total)
T630C 3941:983 JLINK_IsHalted() -- CPU is running -- CPU_ReadMem(4 bytes @ 0x41002100)  returns FALSE (0001ms, 20551ms total)
T630C 3942:185 JLINK_IsHalted() -- CPU is running -- CPU_ReadMem(4 bytes @ 0x41002100)  returns FALSE (0001ms, 20551ms total)
T2054 3942:290 JLINK_EMU_GetList(InterfaceMask = 0x00000001, MaxInfos = 0x00000032) [0]: USB, S/N: 28007540  returns 0x01 (0000ms, 20550ms total)
T630C 3942:386 JLINK_IsHalted() -- CPU is running -- CPU_ReadMem(4 bytes @ 0x41002100)  returns FALSE (0000ms, 20550ms total)
T630C 3942:587 JLINK_IsHalted() -- CPU is running -- CPU_ReadMem(4 bytes @ 0x41002100)  returns FALSE (0001ms, 20551ms total)
T630C 3942:788 JLINK_IsHalted() -- CPU is running -- CPU_ReadMem(4 bytes @ 0x41002100)  returns FALSE (0001ms, 20551ms total)
T630C 3942:989 JLINK_IsHalted() -- CPU is running -- CPU_ReadMem(4 bytes @ 0x41002100)  returns FALSE (0000ms, 20550ms total)
T630C 3943:190 JLINK_IsHalted() -- CPU is running -- CPU_ReadMem(4 bytes @ 0x41002100)  returns FALSE (0001ms, 20551ms total)
T630C 3943:391 JLINK_IsHalted() -- CPU is running -- CPU_ReadMem(4 bytes @ 0x41002100)  returns FALSE (0001ms, 20551ms total)
T630C 3943:593 JLINK_IsHalted() -- CPU is running -- CPU_ReadMem(4 bytes @ 0x41002100)  returns FALSE (0001ms, 20551ms total)
T630C 3943:794 JLINK_IsHalted() -- CPU is running -- CPU_ReadMem(4 bytes @ 0x41002100)  returns FALSE (0001ms, 20551ms total)
T2054 3943:830 JLINK_EMU_GetList(InterfaceMask = 0x00000001, MaxInfos = 0x00000032) [0]: USB, S/N: 28007540  returns 0x01 (0001ms, 20551ms total)
T630C 3943:995 JLINK_IsHalted() -- CPU is running -- CPU_ReadMem(4 bytes @ 0x41002100)  returns FALSE (0001ms, 20552ms total)
T630C 3944:197 JLINK_IsHalted() -- CPU is running -- CPU_ReadMem(4 bytes @ 0x41002100)  returns FALSE (0001ms, 20552ms total)
T630C 3944:398 JLINK_IsHalted() -- CPU is running -- CPU_ReadMem(4 bytes @ 0x41002100)  returns FALSE (0001ms, 20552ms total)
T630C 3944:599 JLINK_IsHalted() -- CPU is running -- CPU_ReadMem(4 bytes @ 0x41002100)  returns FALSE (0000ms, 20551ms total)
T630C 3944:800 JLINK_IsHalted() -- CPU is running -- CPU_ReadMem(4 bytes @ 0x41002100)  returns FALSE (0001ms, 20552ms total)
T630C 3945:001 JLINK_IsHalted() -- CPU is running -- CPU_ReadMem(4 bytes @ 0x41002100)  returns FALSE (0001ms, 20552ms total)
T630C 3945:202 JLINK_IsHalted() -- CPU is running -- CPU_ReadMem(4 bytes @ 0x41002100)  returns FALSE (0001ms, 20552ms total)
T2054 3945:370 JLINK_EMU_GetList(InterfaceMask = 0x00000001, MaxInfos = 0x00000032) [0]: USB, S/N: 28007540  returns 0x01 (0000ms, 20551ms total)
T630C 3945:405 JLINK_IsHalted() -- CPU is running -- CPU_ReadMem(4 bytes @ 0x41002100)  returns FALSE (0000ms, 20551ms total)
T630C 3945:605 JLINK_IsHalted() -- CPU is running -- CPU_ReadMem(4 bytes @ 0x41002100)  returns FALSE (0001ms, 20552ms total)
T630C 3945:806 JLINK_IsHalted() -- CPU is running -- CPU_ReadMem(4 bytes @ 0x41002100)  returns FALSE (0001ms, 20552ms total)
T630C 3946:009 JLINK_IsHalted() -- CPU is running -- CPU_ReadMem(4 bytes @ 0x41002100)  returns FALSE (0001ms, 20552ms total)
T630C 3946:210 JLINK_IsHalted() -- CPU is running -- CPU_ReadMem(4 bytes @ 0x41002100)  returns FALSE (0000ms, 20551ms total)
T630C 3946:411 JLINK_IsHalted() -- CPU is running -- CPU_ReadMem(4 bytes @ 0x41002100)  returns FALSE (0000ms, 20551ms total)
T630C 3946:611 JLINK_IsHalted() -- CPU is running -- CPU_ReadMem(4 bytes @ 0x41002100)  returns FALSE (0000ms, 20551ms total)
T630C 3946:813 JLINK_IsHalted() -- CPU is running -- CPU_ReadMem(4 bytes @ 0x41002100)  returns FALSE (0001ms, 20552ms total)
T2054 3946:905 JLINK_EMU_GetList(InterfaceMask = 0x00000001, MaxInfos = 0x00000032) [0]: USB, S/N: 28007540  returns 0x01 (0001ms, 20552ms total)
T630C 3947:014 JLINK_IsHalted() -- CPU is running -- CPU_ReadMem(4 bytes @ 0x41002100)  returns FALSE (0001ms, 20553ms total)
T630C 3947:216 JLINK_IsHalted() -- CPU is running -- CPU_ReadMem(4 bytes @ 0x41002100)  returns FALSE (0000ms, 20552ms total)
T630C 3947:416 JLINK_IsHalted() -- CPU is running -- CPU_ReadMem(4 bytes @ 0x41002100)  returns FALSE (0001ms, 20553ms total)
T630C 3947:617 JLINK_IsHalted() -- CPU is running -- CPU_ReadMem(4 bytes @ 0x41002100)  returns FALSE (0001ms, 20553ms total)
T630C 3947:819 JLINK_IsHalted() -- CPU is running -- CPU_ReadMem(4 bytes @ 0x41002100)  returns FALSE (0001ms, 20553ms total)
T630C 3948:020 JLINK_IsHalted() -- CPU is running -- CPU_ReadMem(4 bytes @ 0x41002100)  returns FALSE (0000ms, 20552ms total)
T630C 3948:220 JLINK_IsHalted() -- CPU is running -- CPU_ReadMem(4 bytes @ 0x41002100)  returns FALSE (0001ms, 20553ms total)
T630C 3948:422 JLINK_IsHalted() -- CPU is running -- CPU_ReadMem(4 bytes @ 0x41002100)  returns FALSE (0000ms, 20552ms total)
T2054 3948:439 JLINK_EMU_GetList(InterfaceMask = 0x00000001, MaxInfos = 0x00000032) [0]: USB, S/N: 28007540  returns 0x01 (0000ms, 20552ms total)
T630C 3948:622 JLINK_IsHalted() -- CPU is running -- CPU_ReadMem(4 bytes @ 0x41002100)  returns FALSE (0001ms, 20553ms total)
T630C 3948:824 JLINK_IsHalted() -- CPU is running -- CPU_ReadMem(4 bytes @ 0x41002100)  returns FALSE (0000ms, 20552ms total)
T630C 3949:025 JLINK_IsHalted() -- CPU is running -- CPU_ReadMem(4 bytes @ 0x41002100)  returns FALSE (0000ms, 20552ms total)
T630C 3949:225 JLINK_IsHalted() -- CPU is running -- CPU_ReadMem(4 bytes @ 0x41002100)  returns FALSE (0000ms, 20552ms total)
T630C 3949:426 JLINK_IsHalted() -- CPU is running -- CPU_ReadMem(4 bytes @ 0x41002100)  returns FALSE (0001ms, 20553ms total)
T3868 3949:602 JLINK_Halt()  returns 0x00 (0002ms, 20554ms total)
T630C 3949:627 JLINK_IsHalted()  returns TRUE (0000ms, 20554ms total)
T630C 3949:627 JLINK_GetMOEs(...) -- CPU_ReadMem(4 bytes @ 0xE000ED30) -- CPU_WriteMem(4 bytes @ 0xE000ED30)  returns 0x01 (0000ms, 20554ms total)
T630C 3949:627 JLINK_ReadReg(R15 (PC))  returns 0x000003D6 (0000ms, 20554ms total)
T630C 3949:828 JLINK_IsHalted()  returns TRUE (0000ms, 20554ms total)
T31E4 3949:828 JLINK_ResetPullsRESET(ON) (0000ms, 20554ms total)
T31E4 3949:828 JLINK_ResetNoHalt() >0x108 TIF>Found SWD-DP with ID 0x0BC11477 >0x0D TIF> >0x28 TIF> >0x0D TIF> >0x28 TIF> >0x0D TIF> >0x28 TIF> >0x0D TIF> >0x28 TIF> >0x0D TIF> >0x21 TIF> >0x0D TIF> >0x28 TIF> >0x0D TIF> >0x28 TIF> >0x0D TIF> >0x28 TIF> >0x0D TIF> >0x21 TIF> >0x0D TIF> >0x21 TIF> >0x108 TIF>Found SWD-DP with ID 0x0BC11477 >0x0D TIF> >0x28 TIF> >0x0D TIF> >0x28 TIF> >0x0D TIF> >0x28 TIF> >0x0D TIF> >0x28 TIF> >0x0D TIF> >0x21 TIF> >0x0D TIF> >0x28 TIF> >0x0D TIF> >0x28 TIF> >0x0D TIF>
 >0x21 TIF> >0x0D TIF> >0x21 TIF> >0x0D TIF> >0x21 TIF> >0x0D TIF> >0x28 TIF> >0x0D TIF> >0x28 TIF> >0x0D TIF> >0x28 TIF> >0x0D TIF> >0x21 TIF> >0x0D TIF> >0x21 TIF> >0x0D TIF> >0x28 TIF> >0x0D TIF> >0x21 TIF> >0x0D TIF> >0x21 TIF>Found Cortex-M0 r0p1, Little endian. -- CPU_ReadMem(4 bytes @ 0xE000EDF0) -- CPU_ReadMem(4 bytes @ 0xE0002000)FPUnit: 4 code (BP) slots and 0 literal slots -- CPU_ReadMem(4 bytes @ 0xE000EDFC) -- CPU_WriteMem(4 bytes @ 0xE000EDFC) -- CPU_ReadMem(4 bytes @ 0xE0001000)
CoreSight components:ROMTbl 0 @ 41003000 -- CPU_ReadMem(16 bytes @ 0x41003000) -- CPU_ReadMem(16 bytes @ 0xE00FFFF0) -- CPU_ReadMem(16 bytes @ 0xE00FFFE0)ROMTbl 0 [0]: 9F0FC000, CID: B105100D, PID: 000BB4C0 ROM TableROMTbl 1 @ E00FF000 -- CPU_ReadMem(16 bytes @ 0xE00FF000) -- CPU_ReadMem(16 bytes @ 0xE000EFF0) -- CPU_ReadMem(16 bytes @ 0xE000EFE0)ROMTbl 1 [0]: FFF0F000, CID: B105E00D, PID: 000BB008 SCS -- CPU_WriteMem(4 bytes @ 0xE0001000) -- CPU_ReadMem(16 bytes @ 0xE0001FF0)
 -- CPU_ReadMem(16 bytes @ 0xE0001FE0)ROMTbl 1 [1]: FFF02000, CID: B105E00D, PID: 000BB00A DWT -- CPU_ReadMem(16 bytes @ 0xE0002FF0) -- CPU_ReadMem(16 bytes @ 0xE0002FE0)ROMTbl 1 [2]: FFF03000, CID: B105E00D, PID: 000BB00B FPB
                JLINK_Reset() -- CPU_ReadMem(4 bytes @ 0xE000EDFC) -- CPU_WriteMem(4 bytes @ 0xE000EDFC) -- CPU_WriteMem(4 bytes @ 0xE000ED0C) -- CPU is running -- CPU_ReadMem(4 bytes @ 0xE000EDF0) -- CPU is running -- CPU_ReadMem(4 bytes @ 0x41002100) -- CPU is running -- CPU_WriteMem(4 bytes @ 0x41002100) -- CPU is running -- CPU_ReadMem(4 bytes @ 0x41002100) -- CPU is running -- CPU_WriteMem(4 bytes @ 0xE000EDFC) -- CPU_WriteMem(4 bytes @ 0xE0002000) -- CPU_ReadMem(4 bytes @ 0xE000EDFC)
 -- CPU_ReadMem(4 bytes @ 0xE0001000) -- CPU_WriteMem(4 bytes @ 0xE0001000) (0008ms, 0008ms total)
                JLINK_Go() -- CPU_ReadMem(4 bytes @ 0xE0001000) -- CPU_WriteMem(4 bytes @ 0xE0001000) -- CPU_WriteMem(4 bytes @ 0xE0002008) -- CPU_WriteMem(4 bytes @ 0xE000200C) -- CPU_WriteMem(4 bytes @ 0xE0002010) -- CPU_WriteMem(4 bytes @ 0xE0002014) -- CPU_WriteMem(4 bytes @ 0xE0001004) (0003ms, 0011ms total)
               (0028ms, 20582ms total)
T31E4 3949:861 JLINK_Close() -- CPU is running -- CPU_WriteMem(4 bytes @ 0xE0002008) -- CPU is running -- CPU_WriteMem(4 bytes @ 0xE000200C) -- CPU is running -- CPU_WriteMem(4 bytes @ 0xE0002010) -- CPU is running -- CPU_WriteMem(4 bytes @ 0xE0002014) >0x42 TIF> >0x28 TIF> >0x0D TIF> >0x21 TIF> (0003ms, 20585ms total)
T31E4 3949:861  (0003ms, 20585ms total)
T31E4 3949:861 Closed (0003ms, 20585ms total)
